
> @easy-einvoice/websocket@1.0.0 build
> tsc

src/index.ts(10,3): error TS1205: Re-exporting a type when 'isolatedModules' is enabled requires using 'export type'.
src/index.ts(11,3): error TS1205: Re-exporting a type when 'isolatedModules' is enabled requires using 'export type'.
src/index.ts(12,3): error TS1205: Re-exporting a type when 'isolatedModules' is enabled requires using 'export type'.
src/index.ts(13,3): error TS1205: Re-exporting a type when 'isolatedModules' is enabled requires using 'export type'.
src/index.ts(16,3): error TS1205: Re-exporting a type when 'isolatedModules' is enabled requires using 'export type'.
src/index.ts(17,3): error TS1205: Re-exporting a type when 'isolatedModules' is enabled requires using 'export type'.
src/index.ts(33,20): error TS2304: Cannot find name 'WebSocketConfig'.
src/index.ts(35,14): error TS2304: Cannot find name 'CloudflareWebSocketServer'.
src/index.ts(35,54): error TS2304: Cannot find name 'DEFAULT_WEBSOCKET_CONFIG'.
src/index.ts(39,20): error TS2304: Cannot find name 'WebSocketServer'.
src/index.ts(42,14): error TS2304: Cannot find name 'JobProgressTracker'.
src/index.ts(46,72): error TS2304: Cannot find name 'WebSocketMessage'.
src/index.ts(57,21): error TS2304: Cannot find name 'MessageType'.
src/index.ts(65,48): error TS2304: Cannot find name 'WebSocketConnection'.
src/index.ts(74,49): error TS2304: Cannot find name 'WebSocketConnection'.
src/index.ts(130,54): error TS2304: Cannot find name 'MessageType'.
src/index.ts(132,10): error TS2304: Cannot find name 'MessageType'.
src/index.ts(133,10): error TS2304: Cannot find name 'MessageType'.
src/index.ts(134,10): error TS2304: Cannot find name 'MessageType'.
src/index.ts(137,10): error TS2304: Cannot find name 'MessageType'.
src/index.ts(138,10): error TS2304: Cannot find name 'MessageType'.
src/index.ts(139,10): error TS2304: Cannot find name 'MessageType'.
src/index.ts(142,10): error TS2304: Cannot find name 'MessageType'.
src/index.ts(143,10): error TS2304: Cannot find name 'MessageType'.
src/index.ts(144,10): error TS2304: Cannot find name 'MessageType'.
src/index.ts(147,10): error TS2304: Cannot find name 'MessageType'.
src/index.ts(148,10): error TS2304: Cannot find name 'MessageType'.
src/index.ts(156,60): error TS2304: Cannot find name 'MessageType'.
src/index.ts(193,4): error TS2304: Cannot find name 'WebSocketMessage'.
src/index.ts(196,11): error TS2304: Cannot find name 'MessageType'.
src/index.ts(207,41): error TS2304: Cannot find name 'WebSocketError'.
src/index.ts(214,55): error TS2304: Cannot find name 'SubscriptionFilter'.
src/index.ts(218,73): error TS2304: Cannot find name 'SubscriptionFilter'.
src/index.ts(222,57): error TS2304: Cannot find name 'SubscriptionFilter'.
src/index.ts(226,61): error TS2304: Cannot find name 'MessageType'.
src/index.ts(226,77): error TS2304: Cannot find name 'SubscriptionFilter'.
src/index.ts(231,55): error TS2304: Cannot find name 'WebSocketConnection'.
src/index.ts(246,15): error TS2304: Cannot find name 'WebSocketConnection'.
src/index.ts(270,30): error TS2307: Cannot find module 'uuid' or its corresponding type declarations.
src/progress-tracker.ts(4,30): error TS2307: Cannot find module 'uuid' or its corresponding type declarations.
src/progress-tracker.ts(231,9): error TS2416: Property 'trackFileProcessing' in type 'JobProgressTracker' is not assignable to the same property in base type 'ProgressTracker'.
  Type '(fileKey: string, jobId: string, status: "start" | "complete", result?: { recordsProcessed: number; successfulRecords: number; failedRecords: number; outputFiles: string[]; } | undefined, error?: string | undefined) => Promise<...>' is not assignable to type '(fileKey: string, jobId: string) => Promise<void>'.
    Target signature provides too few arguments. Expected 3 or more, but got 2.
src/server.ts(4,30): error TS2307: Cannot find module 'uuid' or its corresponding type declarations.
src/server.ts(316,37): error TS2345: Argument of type 'string | undefined' is not assignable to parameter of type 'string'.
  Type 'undefined' is not assignable to type 'string'.
npm error Lifecycle script `build` failed with error:
npm error code 2
npm error path /Users/lazylmf/StudioProjects/Easy-e-Invoice/packages/websocket
npm error workspace @easy-einvoice/websocket@1.0.0
npm error location /Users/lazylmf/StudioProjects/Easy-e-Invoice/packages/websocket
npm error command failed
npm error command sh -c tsc
